This file contains any messages produced by compilers while
running configure, to aid debugging if configure makes a mistake.

It was created by QuadProg configure 1.2, which was
generated by GNU Autoconf 2.61.  Invocation command line was

  $ ./configure 

## --------- ##
## Platform. ##
## --------- ##

hostname = cerdogan
uname -m = x86_64
uname -r = 3.13.0-52-generic
uname -s = Linux
uname -v = #86~precise1-Ubuntu SMP Tue May 5 18:08:21 UTC 2015

/usr/bin/uname -p = unknown
/bin/uname -X     = unknown

/bin/arch              = unknown
/usr/bin/arch -k       = unknown
/usr/convex/getsysinfo = unknown
/usr/bin/hostinfo      = unknown
/bin/machine           = unknown
/usr/bin/oslevel       = unknown
/bin/universe          = unknown

PATH: /home/cerdogan/usr/local/cuda/
PATH: /home/cerdogan/bin
PATH: /home/cerdogan/opt/android_sdk/tools/
PATH: /usr/share/pk2
PATH: /opt/matlab/R2011a/bin
PATH: /home/cerdogan/usr/local/cuda/
PATH: /home/cerdogan/bin
PATH: /home/cerdogan/opt/android_sdk/tools/
PATH: /usr/share/pk2
PATH: /opt/matlab/R2011a/bin
PATH: /usr/lib/lightdm/lightdm
PATH: /usr/local/sbin
PATH: /usr/local/bin
PATH: /usr/sbin
PATH: /usr/bin
PATH: /sbin
PATH: /bin
PATH: /usr/games
PATH: /usr/local/MATLAB/R2012a/bin


## ----------- ##
## Core tests. ##
## ----------- ##

configure:1987: checking for a BSD-compatible install
configure:2043: result: /usr/bin/install -c
configure:2054: checking whether build environment is sane
configure:2097: result: yes
configure:2125: checking for a thread-safe mkdir -p
configure:2164: result: /bin/mkdir -p
configure:2177: checking for gawk
configure:2207: result: no
configure:2177: checking for mawk
configure:2193: found /usr/bin/mawk
configure:2204: result: mawk
configure:2215: checking whether make sets $(MAKE)
configure:2236: result: yes
configure:2462: checking build system type
configure:2480: result: x86_64-unknown-linux-gnu
configure:2502: checking host system type
configure:2517: result: x86_64-unknown-linux-gnu
configure:2551: checking for style of include used by make
configure:2579: result: GNU
configure:2649: checking for gcc
configure:2665: found /usr/bin/gcc
configure:2676: result: gcc
configure:2914: checking for C compiler version
configure:2921: gcc --version >&5
gcc (Ubuntu/Linaro 4.6.3-1ubuntu5) 4.6.3
Copyright (C) 2011 Free Software Foundation, Inc.
This is free software; see the source for copying conditions.  There is NO
warranty; not even for MERCHANTABILITY or FITNESS FOR A PARTICULAR PURPOSE.

configure:2924: $? = 0
configure:2931: gcc -v >&5
Using built-in specs.
COLLECT_GCC=gcc
COLLECT_LTO_WRAPPER=/usr/lib/gcc/x86_64-linux-gnu/4.6/lto-wrapper
Target: x86_64-linux-gnu
Configured with: ../src/configure -v --with-pkgversion='Ubuntu/Linaro 4.6.3-1ubuntu5' --with-bugurl=file:///usr/share/doc/gcc-4.6/README.Bugs --enable-languages=c,c++,fortran,objc,obj-c++ --prefix=/usr --program-suffix=-4.6 --enable-shared --enable-linker-build-id --with-system-zlib --libexecdir=/usr/lib --without-included-gettext --enable-threads=posix --with-gxx-include-dir=/usr/include/c++/4.6 --libdir=/usr/lib --enable-nls --with-sysroot=/ --enable-clocale=gnu --enable-libstdcxx-debug --enable-libstdcxx-time=yes --enable-gnu-unique-object --enable-plugin --enable-objc-gc --disable-werror --with-arch-32=i686 --with-tune=generic --enable-checking=release --build=x86_64-linux-gnu --host=x86_64-linux-gnu --target=x86_64-linux-gnu
Thread model: posix
gcc version 4.6.3 (Ubuntu/Linaro 4.6.3-1ubuntu5) 
configure:2934: $? = 0
configure:2941: gcc -V >&5
gcc: error: unrecognized option '-V'
gcc: fatal error: no input files
compilation terminated.
configure:2944: $? = 4
configure:2967: checking for C compiler default output file name
configure:2994: gcc    conftest.c  >&5
configure:2997: $? = 0
configure:3035: result: a.out
configure:3052: checking whether the C compiler works
configure:3062: ./a.out
configure:3065: $? = 0
configure:3082: result: yes
configure:3089: checking whether we are cross compiling
configure:3091: result: no
configure:3094: checking for suffix of executables
configure:3101: gcc -o conftest    conftest.c  >&5
configure:3104: $? = 0
configure:3128: result: 
configure:3134: checking for suffix of object files
configure:3160: gcc -c   conftest.c >&5
configure:3163: $? = 0
configure:3186: result: o
configure:3190: checking whether we are using the GNU C compiler
configure:3219: gcc -c   conftest.c >&5
configure:3225: $? = 0
configure:3242: result: yes
configure:3247: checking whether gcc accepts -g
configure:3277: gcc -c -g  conftest.c >&5
configure:3283: $? = 0
configure:3382: result: yes
configure:3399: checking for gcc option to accept ISO C89
configure:3473: gcc  -c -g -O2  conftest.c >&5
configure:3479: $? = 0
configure:3502: result: none needed
configure:3522: checking dependency style of gcc
configure:3613: result: gcc3
configure:3628: checking for a sed that does not truncate output
configure:3707: result: /bin/sed
configure:3725: checking for grep that handles long lines and -e
configure:3799: result: /bin/grep
configure:3804: checking for egrep
configure:3882: result: /bin/grep -E
configure:3887: checking for fgrep
configure:3965: result: /bin/grep -F
configure:4000: checking for ld used by gcc
configure:4067: result: /usr/bin/ld
configure:4076: checking if the linker (/usr/bin/ld) is GNU ld
configure:4091: result: yes
configure:4103: checking for BSD- or MS-compatible name lister (nm)
configure:4152: result: /usr/bin/nm -B
configure:4274: checking the name lister (/usr/bin/nm -B) interface
configure:4281:  -c   conftest.cpp >&5
./configure: line 4282: -c: command not found
configure:4284: /usr/bin/nm -B "conftest.o"
/usr/bin/nm: 'conftest.o': No such file
configure:4287: output
configure:4294: result: BSD nm
configure:4297: checking whether ln -s works
configure:4301: result: yes
configure:4309: checking the maximum length of command line arguments
configure:4429: result: 1572864
configure:4446: checking whether the shell understands some XSI constructs
configure:4456: result: yes
configure:4460: checking whether the shell understands "+="
configure:4466: result: yes
configure:4501: checking for /usr/bin/ld option to reload object files
configure:4508: result: -r
configure:4535: checking how to recognize dependent libraries
configure:4725: result: pass_all
configure:4785: checking for ar
configure:4801: found /usr/bin/ar
configure:4812: result: ar
configure:4894: checking for strip
configure:4910: found /usr/bin/strip
configure:4921: result: strip
configure:4997: checking for ranlib
configure:5013: found /usr/bin/ranlib
configure:5024: result: ranlib
configure:5118: checking command to parse /usr/bin/nm -B output from gcc object
configure:5236:  -c   conftest.cpp >&5
./configure: line 5237: -c: command not found
configure:5239: $? = 127
: failed program was:
#ifdef __cplusplus
extern "C" {
#endif
char nm_test_var;
void nm_test_func(void);
void nm_test_func(void){}
#ifdef __cplusplus
}
#endif
int main(){nm_test_var='a';nm_test_func();return(0);}
configure:5236:  -c   conftest.cpp >&5
./configure: line 5237: -c: command not found
configure:5239: $? = 127
: failed program was:
#ifdef __cplusplus
extern "C" {
#endif
char nm_test_var;
void nm_test_func(void);
void nm_test_func(void){}
#ifdef __cplusplus
}
#endif
int main(){nm_test_var='a';nm_test_func();return(0);}
configure:5338: result: failed
configure:5437:  -c   conftest.cpp >&5
./configure: line 5438: -c: command not found
configure:5440: $? = 127
configure:6220: checking how to run the C preprocessor
configure:6260: gcc -E  conftest.c
configure:6266: $? = 0
configure:6297: gcc -E  conftest.c
conftest.c:10:28: fatal error: ac_nonexistent.h: No such file or directory
compilation terminated.
configure:6303: $? = 1
configure: failed program was:
| /* confdefs.h.  */
| #define PACKAGE_NAME "QuadProg"
| #define PACKAGE_TARNAME "quadprog"
| #define PACKAGE_VERSION "1.2"
| #define PACKAGE_STRING "QuadProg 1.2"
| #define PACKAGE_BUGREPORT "l.digaspero@uniud.it"
| #define PACKAGE "quadprog"
| #define VERSION "1.2"
| /* end confdefs.h.  */
| #include <ac_nonexistent.h>
configure:6336: result: gcc -E
configure:6365: gcc -E  conftest.c
configure:6371: $? = 0
configure:6402: gcc -E  conftest.c
conftest.c:10:28: fatal error: ac_nonexistent.h: No such file or directory
compilation terminated.
configure:6408: $? = 1
configure: failed program was:
| /* confdefs.h.  */
| #define PACKAGE_NAME "QuadProg"
| #define PACKAGE_TARNAME "quadprog"
| #define PACKAGE_VERSION "1.2"
| #define PACKAGE_STRING "QuadProg 1.2"
| #define PACKAGE_BUGREPORT "l.digaspero@uniud.it"
| #define PACKAGE "quadprog"
| #define VERSION "1.2"
| /* end confdefs.h.  */
| #include <ac_nonexistent.h>
configure:6446: checking for ANSI C header files
configure:6476: gcc -c -g -O2  conftest.c >&5
configure:6482: $? = 0
configure:6581: gcc -o conftest -g -O2   conftest.c  >&5
configure:6584: $? = 0
configure:6590: ./conftest
configure:6593: $? = 0
configure:6610: result: yes
configure:6634: checking for sys/types.h
configure:6655: gcc -c -g -O2  conftest.c >&5
configure:6661: $? = 0
configure:6677: result: yes
configure:6634: checking for sys/stat.h
configure:6655: gcc -c -g -O2  conftest.c >&5
configure:6661: $? = 0
configure:6677: result: yes
configure:6634: checking for stdlib.h
configure:6655: gcc -c -g -O2  conftest.c >&5
configure:6661: $? = 0
configure:6677: result: yes
configure:6634: checking for string.h
configure:6655: gcc -c -g -O2  conftest.c >&5
configure:6661: $? = 0
configure:6677: result: yes
configure:6634: checking for memory.h
configure:6655: gcc -c -g -O2  conftest.c >&5
configure:6661: $? = 0
configure:6677: result: yes
configure:6634: checking for strings.h
configure:6655: gcc -c -g -O2  conftest.c >&5
configure:6661: $? = 0
configure:6677: result: yes
configure:6634: checking for inttypes.h
configure:6655: gcc -c -g -O2  conftest.c >&5
configure:6661: $? = 0
configure:6677: result: yes
configure:6634: checking for stdint.h
configure:6655: gcc -c -g -O2  conftest.c >&5
configure:6661: $? = 0
configure:6677: result: yes
configure:6634: checking for unistd.h
configure:6655: gcc -c -g -O2  conftest.c >&5
configure:6661: $? = 0
configure:6677: result: yes
configure:6693: checking for dlfcn.h
configure:6714: gcc -c -g -O2  conftest.c >&5
configure:6720: $? = 0
configure:6736: result: yes
configure:6920: checking for objdir
configure:6935: result: .libs
configure:7231: checking if gcc supports -fno-rtti -fno-exceptions
configure:7249: gcc -c -g -O2  -fno-rtti -fno-exceptions conftest.c >&5
cc1: warning: command line option '-fno-rtti' is valid for C++/ObjC++ but not for C [enabled by default]
configure:7253: $? = 0
configure:7266: result: no
configure:7286: checking for gcc option to produce PIC
configure:7543: result: -fPIC -DPIC
configure:7555: checking if gcc PIC flag -fPIC -DPIC works
configure:7573: gcc -c -g -O2  -fPIC -DPIC -DPIC conftest.c >&5
configure:7577: $? = 0
configure:7590: result: yes
configure:7614: checking if gcc static flag -static works
configure:7642: result: yes
configure:7657: checking if gcc supports -c -o file.o
configure:7678: gcc -c -g -O2  -o out/conftest2.o conftest.c >&5
configure:7682: $? = 0
configure:7704: result: yes
configure:7712: checking if gcc supports -c -o file.o
configure:7759: result: yes
configure:7792: checking whether the gcc linker (/usr/bin/ld) supports shared libraries
configure:8846: result: yes
configure:8883: checking whether -lc should be explicitly linked in
configure:8888: gcc -c -g -O2  conftest.c >&5
configure:8891: $? = 0
configure:8906: gcc -shared conftest.o  -v -Wl,-soname -Wl,conftest -o conftest 2\>\&1 \| /bin/grep  -lc  \>/dev/null 2\>\&1
configure:8909: $? = 0
configure:8921: result: no
configure:9085: checking dynamic linker characteristics
configure:9528: gcc -o conftest -g -O2   -Wl,-rpath -Wl,/foo conftest.c  >&5
configure:9534: $? = 0
configure:9764: result: GNU/Linux ld.so
configure:9866: checking how to hardcode library paths into programs
configure:9891: result: immediate
configure:10704: checking whether stripping libraries is possible
configure:10709: result: yes
configure:10744: checking if libtool supports shared libraries
configure:10746: result: yes
configure:10749: checking whether to build shared libraries
configure:10770: result: yes
configure:10773: checking whether to build static libraries
configure:10777: result: yes
configure:10872: checking for g++
configure:10888: found /usr/bin/g++
configure:10899: result: g++
configure:10930: checking for C++ compiler version
configure:10937: g++ --version >&5
g++ (Ubuntu/Linaro 4.6.3-1ubuntu5) 4.6.3
Copyright (C) 2011 Free Software Foundation, Inc.
This is free software; see the source for copying conditions.  There is NO
warranty; not even for MERCHANTABILITY or FITNESS FOR A PARTICULAR PURPOSE.

configure:10940: $? = 0
configure:10947: g++ -v >&5
Using built-in specs.
COLLECT_GCC=g++
COLLECT_LTO_WRAPPER=/usr/lib/gcc/x86_64-linux-gnu/4.6/lto-wrapper
Target: x86_64-linux-gnu
Configured with: ../src/configure -v --with-pkgversion='Ubuntu/Linaro 4.6.3-1ubuntu5' --with-bugurl=file:///usr/share/doc/gcc-4.6/README.Bugs --enable-languages=c,c++,fortran,objc,obj-c++ --prefix=/usr --program-suffix=-4.6 --enable-shared --enable-linker-build-id --with-system-zlib --libexecdir=/usr/lib --without-included-gettext --enable-threads=posix --with-gxx-include-dir=/usr/include/c++/4.6 --libdir=/usr/lib --enable-nls --with-sysroot=/ --enable-clocale=gnu --enable-libstdcxx-debug --enable-libstdcxx-time=yes --enable-gnu-unique-object --enable-plugin --enable-objc-gc --disable-werror --with-arch-32=i686 --with-tune=generic --enable-checking=release --build=x86_64-linux-gnu --host=x86_64-linux-gnu --target=x86_64-linux-gnu
Thread model: posix
gcc version 4.6.3 (Ubuntu/Linaro 4.6.3-1ubuntu5) 
configure:10950: $? = 0
configure:10957: g++ -V >&5
g++: error: unrecognized option '-V'
g++: fatal error: no input files
compilation terminated.
configure:10960: $? = 4
configure:10963: checking whether we are using the GNU C++ compiler
configure:10992: g++ -c   conftest.cpp >&5
configure:10998: $? = 0
configure:11015: result: yes
configure:11020: checking whether g++ accepts -g
configure:11050: g++ -c -g  conftest.cpp >&5
configure:11056: $? = 0
configure:11155: result: yes
configure:11180: checking dependency style of g++
configure:11271: result: gcc3
configure:11403: checking for C++ compiler version
configure:11410: g++ --version >&5
g++ (Ubuntu/Linaro 4.6.3-1ubuntu5) 4.6.3
Copyright (C) 2011 Free Software Foundation, Inc.
This is free software; see the source for copying conditions.  There is NO
warranty; not even for MERCHANTABILITY or FITNESS FOR A PARTICULAR PURPOSE.

configure:11413: $? = 0
configure:11420: g++ -v >&5
Using built-in specs.
COLLECT_GCC=g++
COLLECT_LTO_WRAPPER=/usr/lib/gcc/x86_64-linux-gnu/4.6/lto-wrapper
Target: x86_64-linux-gnu
Configured with: ../src/configure -v --with-pkgversion='Ubuntu/Linaro 4.6.3-1ubuntu5' --with-bugurl=file:///usr/share/doc/gcc-4.6/README.Bugs --enable-languages=c,c++,fortran,objc,obj-c++ --prefix=/usr --program-suffix=-4.6 --enable-shared --enable-linker-build-id --with-system-zlib --libexecdir=/usr/lib --without-included-gettext --enable-threads=posix --with-gxx-include-dir=/usr/include/c++/4.6 --libdir=/usr/lib --enable-nls --with-sysroot=/ --enable-clocale=gnu --enable-libstdcxx-debug --enable-libstdcxx-time=yes --enable-gnu-unique-object --enable-plugin --enable-objc-gc --disable-werror --with-arch-32=i686 --with-tune=generic --enable-checking=release --build=x86_64-linux-gnu --host=x86_64-linux-gnu --target=x86_64-linux-gnu
Thread model: posix
gcc version 4.6.3 (Ubuntu/Linaro 4.6.3-1ubuntu5) 
configure:11423: $? = 0
configure:11430: g++ -V >&5
g++: error: unrecognized option '-V'
g++: fatal error: no input files
compilation terminated.
configure:11433: $? = 4
configure:11436: checking whether we are using the GNU C++ compiler
configure:11488: result: yes
configure:11493: checking whether g++ accepts -g
configure:11628: result: yes
configure:11653: checking dependency style of g++
configure:11744: result: gcc3
configure:11767: checking how to run the C++ preprocessor
configure:11803: g++ -E  conftest.cpp
configure:11809: $? = 0
configure:11840: g++ -E  conftest.cpp
conftest.cpp:22:28: fatal error: ac_nonexistent.h: No such file or directory
compilation terminated.
configure:11846: $? = 1
configure: failed program was:
| /* confdefs.h.  */
| #define PACKAGE_NAME "QuadProg"
| #define PACKAGE_TARNAME "quadprog"
| #define PACKAGE_VERSION "1.2"
| #define PACKAGE_STRING "QuadProg 1.2"
| #define PACKAGE_BUGREPORT "l.digaspero@uniud.it"
| #define PACKAGE "quadprog"
| #define VERSION "1.2"
| #define STDC_HEADERS 1
| #define HAVE_SYS_TYPES_H 1
| #define HAVE_SYS_STAT_H 1
| #define HAVE_STDLIB_H 1
| #define HAVE_STRING_H 1
| #define HAVE_MEMORY_H 1
| #define HAVE_STRINGS_H 1
| #define HAVE_INTTYPES_H 1
| #define HAVE_STDINT_H 1
| #define HAVE_UNISTD_H 1
| #define HAVE_DLFCN_H 1
| #define LT_OBJDIR ".libs/"
| /* end confdefs.h.  */
| #include <ac_nonexistent.h>
configure:11879: result: g++ -E
configure:11908: g++ -E  conftest.cpp
configure:11914: $? = 0
configure:11945: g++ -E  conftest.cpp
conftest.cpp:22:28: fatal error: ac_nonexistent.h: No such file or directory
compilation terminated.
configure:11951: $? = 1
configure: failed program was:
| /* confdefs.h.  */
| #define PACKAGE_NAME "QuadProg"
| #define PACKAGE_TARNAME "quadprog"
| #define PACKAGE_VERSION "1.2"
| #define PACKAGE_STRING "QuadProg 1.2"
| #define PACKAGE_BUGREPORT "l.digaspero@uniud.it"
| #define PACKAGE "quadprog"
| #define VERSION "1.2"
| #define STDC_HEADERS 1
| #define HAVE_SYS_TYPES_H 1
| #define HAVE_SYS_STAT_H 1
| #define HAVE_STDLIB_H 1
| #define HAVE_STRING_H 1
| #define HAVE_MEMORY_H 1
| #define HAVE_STRINGS_H 1
| #define HAVE_INTTYPES_H 1
| #define HAVE_STDINT_H 1
| #define HAVE_UNISTD_H 1
| #define HAVE_DLFCN_H 1
| #define LT_OBJDIR ".libs/"
| /* end confdefs.h.  */
| #include <ac_nonexistent.h>
configure:12125: checking for ld used by g++
configure:12192: result: /usr/bin/ld
configure:12201: checking if the linker (/usr/bin/ld) is GNU ld
configure:12216: result: yes
configure:12271: checking whether the g++ linker (/usr/bin/ld) supports shared libraries
configure:13233: result: yes
configure:13261: g++ -c -g -O2  conftest.cpp >&5
configure:13264: $? = 0
configure:13446: checking for g++ option to produce PIC
configure:13755: result: -fPIC -DPIC
configure:13764: checking if g++ PIC flag -fPIC -DPIC works
configure:13782: g++ -c -g -O2  -fPIC -DPIC -DPIC conftest.cpp >&5
configure:13786: $? = 0
configure:13799: result: yes
configure:13820: checking if g++ static flag -static works
configure:13848: result: yes
configure:13860: checking if g++ supports -c -o file.o
configure:13881: g++ -c -g -O2  -o out/conftest2.o conftest.cpp >&5
configure:13885: $? = 0
configure:13907: result: yes
configure:13912: checking if g++ supports -c -o file.o
configure:13959: result: yes
configure:13989: checking whether the g++ linker (/usr/bin/ld) supports shared libraries
configure:14015: result: yes
configure:14152: checking dynamic linker characteristics
configure:14543: g++ -o conftest -g -O2   -Wl,-rpath -Wl,/foo conftest.cpp  >&5
configure:14549: $? = 0
configure:14779: result: GNU/Linux ld.so
configure:14830: checking how to hardcode library paths into programs
configure:14855: result: immediate
configure:14926: checking for boostlib >= 1.34
configure:14986: g++ -c -g -O2  -I/usr/include conftest.cpp >&5
configure:14992: $? = 0
configure:14998: result: yes
configure:15180: checking for stdbool.h that conforms to C99
configure:15273: g++ -c -g -O2  conftest.cpp >&5
configure:15279: $? = 0
configure:15294: result: yes
configure:15296: checking for _Bool
configure:15326: g++ -c -g -O2  conftest.cpp >&5
conftest.cpp:56:9: error: '_Bool' does not name a type
conftest.cpp: In function 'int main()':
conftest.cpp:60:6: error: 'ac__type_new_' was not declared in this scope
conftest.cpp:60:21: error: expected primary-expression before ')' token
conftest.cpp:60:23: error: expected ')' before numeric constant
conftest.cpp:62:13: error: 'ac__type_new_' was not declared in this scope
configure:15332: $? = 1
configure: failed program was:
| /* confdefs.h.  */
| #define PACKAGE_NAME "QuadProg"
| #define PACKAGE_TARNAME "quadprog"
| #define PACKAGE_VERSION "1.2"
| #define PACKAGE_STRING "QuadProg 1.2"
| #define PACKAGE_BUGREPORT "l.digaspero@uniud.it"
| #define PACKAGE "quadprog"
| #define VERSION "1.2"
| #define STDC_HEADERS 1
| #define HAVE_SYS_TYPES_H 1
| #define HAVE_SYS_STAT_H 1
| #define HAVE_STDLIB_H 1
| #define HAVE_STRING_H 1
| #define HAVE_MEMORY_H 1
| #define HAVE_STRINGS_H 1
| #define HAVE_INTTYPES_H 1
| #define HAVE_STDINT_H 1
| #define HAVE_UNISTD_H 1
| #define HAVE_DLFCN_H 1
| #define LT_OBJDIR ".libs/"
| #define HAVE_BOOST
| /* end confdefs.h.  */
| #include <stdio.h>
| #ifdef HAVE_SYS_TYPES_H
| # include <sys/types.h>
| #endif
| #ifdef HAVE_SYS_STAT_H
| # include <sys/stat.h>
| #endif
| #ifdef STDC_HEADERS
| # include <stdlib.h>
| # include <stddef.h>
| #else
| # ifdef HAVE_STDLIB_H
| #  include <stdlib.h>
| # endif
| #endif
| #ifdef HAVE_STRING_H
| # if !defined STDC_HEADERS && defined HAVE_MEMORY_H
| #  include <memory.h>
| # endif
| # include <string.h>
| #endif
| #ifdef HAVE_STRINGS_H
| # include <strings.h>
| #endif
| #ifdef HAVE_INTTYPES_H
| # include <inttypes.h>
| #endif
| #ifdef HAVE_STDINT_H
| # include <stdint.h>
| #endif
| #ifdef HAVE_UNISTD_H
| # include <unistd.h>
| #endif
| typedef _Bool ac__type_new_;
| int
| main ()
| {
| if ((ac__type_new_ *) 0)
|   return 0;
| if (sizeof (ac__type_new_))
|   return 0;
|   ;
|   return 0;
| }
configure:15347: result: no
configure:15366: checking for an ANSI C-conforming const
configure:15441: g++ -c -g -O2  conftest.cpp >&5
configure:15447: $? = 0
configure:15462: result: yes
configure:15472: checking for inline
configure:15498: g++ -c -g -O2  conftest.cpp >&5
configure:15504: $? = 0
configure:15522: result: inline
configure:15548: checking for pow
configure:15604: g++ -o conftest -g -O2   conftest.cpp  >&5
configure:15610: $? = 0
configure:15628: result: yes
configure:15548: checking for sqrt
configure:15604: g++ -o conftest -g -O2   conftest.cpp  >&5
configure:15610: $? = 0
configure:15628: result: yes
configure:15776: creating ./config.status

## ---------------------- ##
## Running config.status. ##
## ---------------------- ##

This file was extended by QuadProg config.status 1.2, which was
generated by GNU Autoconf 2.61.  Invocation command line was

  CONFIG_FILES    = 
  CONFIG_HEADERS  = 
  CONFIG_LINKS    = 
  CONFIG_COMMANDS = 
  $ ./config.status 

on cerdogan

config.status:913: creating Makefile
config.status:913: creating src/Makefile
config.status:913: creating config.h
config.status:1145: config.h is unchanged
config.status:1191: executing depfiles commands
config.status:1191: executing libtool commands

## ---------------- ##
## Cache variables. ##
## ---------------- ##

ac_cv_build=x86_64-unknown-linux-gnu
ac_cv_c_compiler_gnu=yes
ac_cv_c_const=yes
ac_cv_c_inline=inline
ac_cv_cxx_compiler_gnu=yes
ac_cv_env_CCC_set=
ac_cv_env_CCC_value=
ac_cv_env_CC_set=
ac_cv_env_CC_value=
ac_cv_env_CFLAGS_set=
ac_cv_env_CFLAGS_value=
ac_cv_env_CPPFLAGS_set=
ac_cv_env_CPPFLAGS_value=
ac_cv_env_CPP_set=
ac_cv_env_CPP_value=
ac_cv_env_CXXCPP_set=
ac_cv_env_CXXCPP_value=
ac_cv_env_CXXFLAGS_set=
ac_cv_env_CXXFLAGS_value=
ac_cv_env_CXX_set=
ac_cv_env_CXX_value=
ac_cv_env_LDFLAGS_set=
ac_cv_env_LDFLAGS_value=
ac_cv_env_LIBS_set=
ac_cv_env_LIBS_value=
ac_cv_env_build_alias_set=
ac_cv_env_build_alias_value=
ac_cv_env_host_alias_set=
ac_cv_env_host_alias_value=
ac_cv_env_target_alias_set=
ac_cv_env_target_alias_value=
ac_cv_func_pow=yes
ac_cv_func_sqrt=yes
ac_cv_header_dlfcn_h=yes
ac_cv_header_inttypes_h=yes
ac_cv_header_memory_h=yes
ac_cv_header_stdbool_h=yes
ac_cv_header_stdc=yes
ac_cv_header_stdint_h=yes
ac_cv_header_stdlib_h=yes
ac_cv_header_string_h=yes
ac_cv_header_strings_h=yes
ac_cv_header_sys_stat_h=yes
ac_cv_header_sys_types_h=yes
ac_cv_header_unistd_h=yes
ac_cv_host=x86_64-unknown-linux-gnu
ac_cv_objext=o
ac_cv_path_EGREP='/bin/grep -E'
ac_cv_path_FGREP='/bin/grep -F'
ac_cv_path_GREP=/bin/grep
ac_cv_path_SED=/bin/sed
ac_cv_path_install='/usr/bin/install -c'
ac_cv_path_mkdir=/bin/mkdir
ac_cv_prog_AWK=mawk
ac_cv_prog_CPP='gcc -E'
ac_cv_prog_CXXCPP='g++ -E'
ac_cv_prog_ac_ct_AR=ar
ac_cv_prog_ac_ct_CC=gcc
ac_cv_prog_ac_ct_CXX=g++
ac_cv_prog_ac_ct_RANLIB=ranlib
ac_cv_prog_ac_ct_STRIP=strip
ac_cv_prog_cc_c89=
ac_cv_prog_cc_g=yes
ac_cv_prog_cxx_g=yes
ac_cv_prog_make_make_set=yes
ac_cv_type__Bool=no
am_cv_CC_dependencies_compiler_type=gcc3
am_cv_CXX_dependencies_compiler_type=gcc3
lt_cv_deplibs_check_method=pass_all
lt_cv_file_magic_cmd='$MAGIC_CMD'
lt_cv_file_magic_test_file=
lt_cv_ld_reload_flag=-r
lt_cv_nm_interface='BSD nm'
lt_cv_objdir=.libs
lt_cv_path_LD=/usr/bin/ld
lt_cv_path_LDCXX=/usr/bin/ld
lt_cv_path_NM='/usr/bin/nm -B'
lt_cv_prog_compiler_c_o=yes
lt_cv_prog_compiler_c_o_CXX=yes
lt_cv_prog_compiler_pic_works=yes
lt_cv_prog_compiler_pic_works_CXX=yes
lt_cv_prog_compiler_rtti_exceptions=no
lt_cv_prog_compiler_static_works=yes
lt_cv_prog_compiler_static_works_CXX=yes
lt_cv_prog_gnu_ld=yes
lt_cv_prog_gnu_ldcxx=yes
lt_cv_sys_global_symbol_pipe=
lt_cv_sys_global_symbol_to_c_name_address='sed -n -e '\''s/^: \([^ ]*\) $/  {\"\1\", (void *) 0},/p'\'' -e '\''s/^[ABCDGIRSTW]* \([^ ]*\) \([^ ]*\)$/  {"\2", (void *) \&\2},/p'\'''
lt_cv_sys_global_symbol_to_c_name_address_lib_prefix='sed -n -e '\''s/^: \([^ ]*\) $/  {\"\1\", (void *) 0},/p'\'' -e '\''s/^[ABCDGIRSTW]* \([^ ]*\) \(lib[^ ]*\)$/  {"\2", (void *) \&\2},/p'\'' -e '\''s/^[ABCDGIRSTW]* \([^ ]*\) \([^ ]*\)$/  {"lib\2", (void *) \&\2},/p'\'''
lt_cv_sys_global_symbol_to_cdecl=
lt_cv_sys_max_cmd_len=1572864

## ----------------- ##
## Output variables. ##
## ----------------- ##

ACLOCAL='${SHELL} /home/cerdogan/Documents/Job/Support_Vector_Machines/quadprog/config/missing --run aclocal-1.10'
AMDEPBACKSLASH='\'
AMDEP_FALSE='#'
AMDEP_TRUE=''
AMTAR='${SHELL} /home/cerdogan/Documents/Job/Support_Vector_Machines/quadprog/config/missing --run tar'
AR='ar'
AUTOCONF='${SHELL} /home/cerdogan/Documents/Job/Support_Vector_Machines/quadprog/config/missing --run autoconf'
AUTOHEADER='${SHELL} /home/cerdogan/Documents/Job/Support_Vector_Machines/quadprog/config/missing --run autoheader'
AUTOMAKE='${SHELL} /home/cerdogan/Documents/Job/Support_Vector_Machines/quadprog/config/missing --run automake-1.10'
AWK='mawk'
BOOST_CPPFLAGS='-I/usr/include'
BOOST_LDFLAGS='-L/usr/lib'
CC='gcc'
CCDEPMODE='depmode=gcc3'
CFLAGS='-g -O2'
CPP='gcc -E'
CPPFLAGS=''
CXX='g++'
CXXCPP='g++ -E'
CXXDEPMODE='depmode=gcc3'
CXXFLAGS='-g -O2'
CYGPATH_W='echo'
DEFS='-DHAVE_CONFIG_H'
DEPDIR='.deps'
DSYMUTIL=''
DUMPBIN=''
ECHO_C=''
ECHO_N='-n'
ECHO_T=''
EGREP='/bin/grep -E'
EXEEXT=''
FGREP='/bin/grep -F'
GREP='/bin/grep'
HAVE_BOOST_FALSE='#'
HAVE_BOOST_TRUE=''
INSTALL_DATA='${INSTALL} -m 644'
INSTALL_PROGRAM='${INSTALL}'
INSTALL_SCRIPT='${INSTALL}'
INSTALL_STRIP_PROGRAM='$(install_sh) -c -s'
LD='/usr/bin/ld'
LDFLAGS=''
LIBOBJS=''
LIBS=''
LIBTOOL='$(SHELL) $(top_builddir)/libtool'
LIPO=''
LN_S='ln -s'
LTLIBOBJS=''
MAKEINFO='${SHELL} /home/cerdogan/Documents/Job/Support_Vector_Machines/quadprog/config/missing --run makeinfo'
NM='/usr/bin/nm -B'
NMEDIT=''
OBJEXT='o'
OTOOL64=''
OTOOL=''
PACKAGE='quadprog'
PACKAGE_BUGREPORT='l.digaspero@uniud.it'
PACKAGE_NAME='QuadProg'
PACKAGE_STRING='QuadProg 1.2'
PACKAGE_TARNAME='quadprog'
PACKAGE_VERSION='1.2'
PATH_SEPARATOR=':'
RANLIB='ranlib'
SED='/bin/sed'
SET_MAKE=''
SHELL='/bin/bash'
STRIP='strip'
VERSION='1.2'
ac_ct_CC='gcc'
ac_ct_CXX='g++'
ac_ct_DUMPBIN=''
am__fastdepCC_FALSE='#'
am__fastdepCC_TRUE=''
am__fastdepCXX_FALSE='#'
am__fastdepCXX_TRUE=''
am__include='include'
am__isrc=''
am__leading_dot='.'
am__quote=''
am__tar='${AMTAR} chof - "$$tardir"'
am__untar='${AMTAR} xf -'
bindir='${exec_prefix}/bin'
build='x86_64-unknown-linux-gnu'
build_alias=''
build_cpu='x86_64'
build_os='linux-gnu'
build_vendor='unknown'
datadir='${datarootdir}'
datarootdir='${prefix}/share'
docdir='${datarootdir}/doc/${PACKAGE_TARNAME}'
dvidir='${docdir}'
exec_prefix='${prefix}'
host='x86_64-unknown-linux-gnu'
host_alias=''
host_cpu='x86_64'
host_os='linux-gnu'
host_vendor='unknown'
htmldir='${docdir}'
includedir='${prefix}/include'
infodir='${datarootdir}/info'
install_sh='$(SHELL) /home/cerdogan/Documents/Job/Support_Vector_Machines/quadprog/config/install-sh'
libdir='${exec_prefix}/lib'
libexecdir='${exec_prefix}/libexec'
localedir='${datarootdir}/locale'
localstatedir='${prefix}/var'
lt_ECHO='echo'
mandir='${datarootdir}/man'
mkdir_p='/bin/mkdir -p'
oldincludedir='/usr/include'
pdfdir='${docdir}'
prefix='/usr/local'
program_transform_name='s,x,x,'
psdir='${docdir}'
sbindir='${exec_prefix}/sbin'
sharedstatedir='${prefix}/com'
sysconfdir='${prefix}/etc'
target_alias=''

## ----------- ##
## confdefs.h. ##
## ----------- ##

#define PACKAGE_NAME "QuadProg"
#define PACKAGE_TARNAME "quadprog"
#define PACKAGE_VERSION "1.2"
#define PACKAGE_STRING "QuadProg 1.2"
#define PACKAGE_BUGREPORT "l.digaspero@uniud.it"
#define PACKAGE "quadprog"
#define VERSION "1.2"
#define STDC_HEADERS 1
#define HAVE_SYS_TYPES_H 1
#define HAVE_SYS_STAT_H 1
#define HAVE_STDLIB_H 1
#define HAVE_STRING_H 1
#define HAVE_MEMORY_H 1
#define HAVE_STRINGS_H 1
#define HAVE_INTTYPES_H 1
#define HAVE_STDINT_H 1
#define HAVE_UNISTD_H 1
#define HAVE_DLFCN_H 1
#define LT_OBJDIR ".libs/"
#define HAVE_BOOST
#define HAVE_STDBOOL_H 1
#define HAVE_POW 1
#define HAVE_SQRT 1

configure: exit 0
